Build started 25/08/2016 11:21:18 a.m..
     1>Project "C:\Users\820\Desktop\PG2MP\Engine3D\EngineExe\EngineExe\EngineExe.vcxproj" on node 2 (Build target(s)).
     1>ClCompile:
         C:\Program Files (x86)\Microsoft Visual Studio 12.0\VC\bin\CL.exe /c /IC:\Users\820\Desktop\PG2MP\Engine3D\BugMachine\..\BugMachine\BugMachine\ /ZI /nologo /W3 /WX- /sdl /Od /Oy- /D _MBCS /Gm /EHsc /RTC1 /MDd /GS /fp:precise /Zc:wchar_t /Zc:forScope /Fo"Debug\\" /Fd"Debug\vc120.pdb" /Gd /TP /analyze- /errorReport:prompt EngineTest.cpp Pacman.cpp
         Pacman.cpp
     1>c:\users\820\desktop\pg2mp\engine3d\bugmachine\bugmachine\pg2_vertexbuffer.h(5): fatal error C1083: Cannot open include file: 'd3dx9.h': No such file or directory
         EngineTest.cpp
     1>c:\users\820\desktop\pg2mp\engine3d\bugmachine\bugmachine\pg2_vertexbuffer.h(5): fatal error C1083: Cannot open include file: 'd3dx9.h': No such file or directory
         Generating Code...
     1>Done Building Project "C:\Users\820\Desktop\PG2MP\Engine3D\EngineExe\EngineExe\EngineExe.vcxproj" (Build target(s)) -- FAILED.

Build FAILED.

Time Elapsed 00:00:01.64
